  [1m[36m (30.1ms)[0m  [1mCREATE TABLE "schema_migrations" ("version" character varying NOT NULL) [0m
  [1m[35m (2.6ms)[0m  CREATE UNIQUE INDEX  "unique_schema_migrations" ON "schema_migrations"  ("version")
  [1m[36mActiveRecord::SchemaMigration Load (0.2ms)[0m  [1mSELECT "schema_migrations".* FROM "schema_migrations"[0m
  [1m[35mActiveRecord::SchemaMigration Load (0.1ms)[0m  SELECT "schema_migrations".* FROM "schema_migrations"
  [1m[36mActiveRecord::SchemaMigration Load (0.4ms)[0m  [1mSELECT "schema_migrations".* FROM "schema_migrations"[0m
  [1m[35mActiveRecord::SchemaMigration Load (0.2ms)[0m  SELECT "schema_migrations".* FROM "schema_migrations"
  [1m[36mActiveRecord::SchemaMigration Load (0.8ms)[0m  [1mSELECT "schema_migrations".* FROM "schema_migrations"[0m
Migrating to CreateCinemas (20160330173544)
  [1m[35m (0.0ms)[0m  BEGIN
  [1m[36m (172.6ms)[0m  [1mCREATE TABLE "cinemas" ("id" serial primary key, "name" character varying NOT NULL, "address" character varying NOT NULL, "created_at" timestamp NOT NULL, "updated_at" timestamp NOT NULL) [0m
  [1m[35m (12.9ms)[0m  CREATE UNIQUE INDEX  "index_cinemas_on_name" ON "cinemas"  ("name")
  [1m[36mSQL (22.1ms)[0m  [1mINSERT INTO "schema_migrations" ("version") VALUES ($1)[0m  [["version", "20160330173544"]]
  [1m[35m (7.0ms)[0m  COMMIT
Migrating to CreateMovieCompanies (20160330174906)
  [1m[36m (0.1ms)[0m  [1mBEGIN[0m
  [1m[35m (5.1ms)[0m  CREATE TABLE "movie_companies" ("id" serial primary key, "name" character varying NOT NULL, "created_at" timestamp NOT NULL, "updated_at" timestamp NOT NULL) 
  [1m[36m (2.4ms)[0m  [1mCREATE UNIQUE INDEX  "index_movie_companies_on_name" ON "movie_companies"  ("name")[0m
  [1m[35mSQL (0.0ms)[0m  INSERT INTO "schema_migrations" ("version") VALUES ($1)  [["version", "20160330174906"]]
  [1m[36m (1.3ms)[0m  [1mCOMMIT[0m
Migrating to CreateCountries (20160330175207)
  [1m[35m (0.1ms)[0m  BEGIN
  [1m[36m (3.9ms)[0m  [1mCREATE TABLE "countries" ("id" serial primary key, "name" character varying NOT NULL, "created_at" timestamp NOT NULL, "updated_at" timestamp NOT NULL) [0m
  [1m[35m (1.6ms)[0m  CREATE UNIQUE INDEX  "index_countries_on_name" ON "countries"  ("name")
  [1m[36mSQL (0.1ms)[0m  [1mINSERT INTO "schema_migrations" ("version") VALUES ($1)[0m  [["version", "20160330175207"]]
  [1m[35m (1.7ms)[0m  COMMIT
Migrating to CreateMovies (20160331163825)
  [1m[36m (0.1ms)[0m  [1mBEGIN[0m
  [1m[35m (5.3ms)[0m  CREATE TABLE "movies" ("id" serial primary key, "name" character varying NOT NULL, "min_age" integer DEFAULT 0 NOT NULL, "genre" integer NOT NULL, "duration" integer NOT NULL, "movie_company_id" integer, "created_at" timestamp NOT NULL, "updated_at" timestamp NOT NULL) 
  [1m[36m (1.9ms)[0m  [1mCREATE  INDEX  "index_movies_on_movie_company_id" ON "movies"  ("movie_company_id")[0m
  [1m[35m (23.4ms)[0m  CREATE UNIQUE INDEX  "index_movies_on_name_and_movie_company" ON "movies"  ("name", "movie_company")
  [1m[36m (0.1ms)[0m  [1mROLLBACK[0m


Started GET "/" for 127.0.0.1 at 2016-04-05 23:08:49 +0400
  [1m[36mActiveRecord::SchemaMigration Load (0.3ms)[0m  [1mSELECT "schema_migrations".* FROM "schema_migrations"[0m

ActiveRecord::PendingMigrationError (

Migrations are pending. To resolve this issue, run:

	bin/rake db:migrate RAILS_ENV=development

):
  activerecord (4.2.6) lib/active_record/migration.rb:392:in `check_pending!'
  activerecord (4.2.6) lib/active_record/migration.rb:373:in `call'
  actionpack (4.2.6) lib/action_dispatch/middleware/callbacks.rb:29:in `block in call'
  activesupport (4.2.6) lib/active_support/callbacks.rb:88:in `__run_callbacks__'
  activesupport (4.2.6) lib/active_support/callbacks.rb:778:in `_run_call_callbacks'
  activesupport (4.2.6) lib/active_support/callbacks.rb:81:in `run_callbacks'
  actionpack (4.2.6) lib/action_dispatch/middleware/callbacks.rb:27:in `call'
  actionpack (4.2.6) lib/action_dispatch/middleware/reloader.rb:73:in `call'
  actionpack (4.2.6) lib/action_dispatch/middleware/remote_ip.rb:78:in `call'
  actionpack (4.2.6) lib/action_dispatch/middleware/debug_exceptions.rb:17:in `call'
  web-console (2.3.0) lib/web_console/middleware.rb:28:in `block in call'
  web-console (2.3.0) lib/web_console/middleware.rb:18:in `catch'
  web-console (2.3.0) lib/web_console/middleware.rb:18:in `call'
  actionpack (4.2.6) lib/action_dispatch/middleware/show_exceptions.rb:30:in `call'
  railties (4.2.6) lib/rails/rack/logger.rb:38:in `call_app'
  railties (4.2.6) lib/rails/rack/logger.rb:20:in `block in call'
  activesupport (4.2.6) lib/active_support/tagged_logging.rb:68:in `block in tagged'
  activesupport (4.2.6) lib/active_support/tagged_logging.rb:26:in `tagged'
  activesupport (4.2.6) lib/active_support/tagged_logging.rb:68:in `tagged'
  railties (4.2.6) lib/rails/rack/logger.rb:20:in `call'
  actionpack (4.2.6) lib/action_dispatch/middleware/request_id.rb:21:in `call'
  rack (1.6.4) lib/rack/methodoverride.rb:22:in `call'
  rack (1.6.4) lib/rack/runtime.rb:18:in `call'
  activesupport (4.2.6) lib/active_support/cache/strategy/local_cache_middleware.rb:28:in `call'
  rack (1.6.4) lib/rack/lock.rb:17:in `call'
  actionpack (4.2.6) lib/action_dispatch/middleware/static.rb:120:in `call'
  rack (1.6.4) lib/rack/sendfile.rb:113:in `call'
  railties (4.2.6) lib/rails/engine.rb:518:in `call'
  railties (4.2.6) lib/rails/application.rb:165:in `call'
  rack (1.6.4) lib/rack/lock.rb:17:in `call'
  rack (1.6.4) lib/rack/content_length.rb:15:in `call'
  rack (1.6.4) lib/rack/handler/webrick.rb:88:in `service'
  /opt/rubies/ruby-2.3.0/lib/ruby/2.3.0/webrick/httpserver.rb:140:in `service'
  /opt/rubies/ruby-2.3.0/lib/ruby/2.3.0/webrick/httpserver.rb:96:in `run'
  /opt/rubies/ruby-2.3.0/lib/ruby/2.3.0/webrick/server.rb:296:in `block in start_thread'


  Rendered /opt/rubies/ruby-2.3.0/lib/ruby/gems/2.3.0/gems/actionpack-4.2.6/lib/action_dispatch/middleware/templates/rescues/_source.erb (2.1ms)
  Rendered /opt/rubies/ruby-2.3.0/lib/ruby/gems/2.3.0/gems/actionpack-4.2.6/lib/action_dispatch/middleware/templates/rescues/_trace.html.erb (1.1ms)
  Rendered /opt/rubies/ruby-2.3.0/lib/ruby/gems/2.3.0/gems/actionpack-4.2.6/lib/action_dispatch/middleware/templates/rescues/_request_and_response.html.erb (0.8ms)
  Rendered /opt/rubies/ruby-2.3.0/lib/ruby/gems/2.3.0/gems/actionpack-4.2.6/lib/action_dispatch/middleware/templates/rescues/diagnostics.html.erb within rescues/layout (27.9ms)
  Rendered /home/student/.gem/ruby/2.3.0/gems/web-console-2.3.0/lib/web_console/templates/_markup.html.erb (0.5ms)
  Rendered /home/student/.gem/ruby/2.3.0/gems/web-console-2.3.0/lib/web_console/templates/_inner_console_markup.html.erb within layouts/inlined_string (0.3ms)
  Rendered /home/student/.gem/ruby/2.3.0/gems/web-console-2.3.0/lib/web_console/templates/_prompt_box_markup.html.erb within layouts/inlined_string (0.2ms)
  Rendered /home/student/.gem/ruby/2.3.0/gems/web-console-2.3.0/lib/web_console/templates/style.css.erb within layouts/inlined_string (0.3ms)
  Rendered /home/student/.gem/ruby/2.3.0/gems/web-console-2.3.0/lib/web_console/templates/console.js.erb within layouts/javascript (1162.6ms)
  Rendered /home/student/.gem/ruby/2.3.0/gems/web-console-2.3.0/lib/web_console/templates/main.js.erb within layouts/javascript (0.2ms)
  Rendered /home/student/.gem/ruby/2.3.0/gems/web-console-2.3.0/lib/web_console/templates/error_page.js.erb within layouts/javascript (0.3ms)
  Rendered /home/student/.gem/ruby/2.3.0/gems/web-console-2.3.0/lib/web_console/templates/index.html.erb (1209.2ms)
  [1m[36mActiveRecord::SchemaMigration Load (0.2ms)[0m  [1mSELECT "schema_migrations".* FROM "schema_migrations"[0m
  [1m[35mActiveRecord::SchemaMigration Load (0.3ms)[0m  SELECT "schema_migrations".* FROM "schema_migrations"
  [1m[36mActiveRecord::SchemaMigration Load (0.1ms)[0m  [1mSELECT "schema_migrations".* FROM "schema_migrations"[0m
Migrating to CreateCountries (20160330175207)
  [1m[35m (0.1ms)[0m  BEGIN
  [1m[36m (77.5ms)[0m  [1mDROP TABLE "countries"[0m
  [1m[35mSQL (0.3ms)[0m  DELETE FROM "schema_migrations" WHERE "schema_migration  [1m[36mActiveRecord::SchemaMigration Load (14.0ms)[0m  [1mSELECT "schema_migrations".* FROM "schema_migrations"[0m
Migrating to CreateCinemas (20160330173544)
  [1m[35m (0.1ms)[0m  BEGIN
  [1m[36m (66.6ms)[0m  [1mCREATE TABLE "cinemas" ("id" serial primary key, "name" character varying NOT NULL, "address" character varying NOT NULL, "created_at" timestamp NOT NULL, "updated_at" timestamp NOT NULL) [0m
  [1m[35m (2.4ms)[0m  CREATE UNIQUE INDEX  "index_cinemas_on_name" ON "cinemas"  ("name")
  [1m[36mSQL (0.4ms)[0m  [1mINSERT INTO "schema_migrations" ("version") VALUES ($1)[0m  [["version", "20160330173544"]]
  [1m[35m (3.2ms)[0m  COMMIT
Migrating to CreateMovieCompanies (20160330174906)
  [1m[36m (0.1ms)[0m  [1mBEGIN[0m
  [1m[35m (7.4ms)[0m  CREATE TABLE "movie_companies" ("id" serial primary key, "name" character varying NOT NULL, "created_at" timestamp NOT NULL, "updated_at" timestamp NOT NULL) 
  [1m[36m (2.3ms)[0m  [1mCREATE UNIQUE INDEX  "index_movie_companies_on_name" ON "movie_companies"  ("name")[0m
  [1m[35mSQL (0.1ms)[0m  INSERT INTO "schema_migrations" ("version") VALUES ($1)  [["version", "20160330174906"]]
  [1m[36m (2.0ms)[0m  [1mCOMMIT[0m
Migrating to CreateCountries (20160330175207)
  [1m[35m (0.1ms)[0m  BEGIN
  [1m[36m (16.9ms)[0m  [1mCREATE TABLE "countries" ("id" serial primary key, "name" character varying NOT NULL, "created_at" timestamp NOT NULL, "updated_at" timestamp NOT NULL) [0m
  [1m[35m (2.9ms)[0m  CREATE UNIQUE INDEX  "index_countries_on_name" ON "countries"  ("name")
  [1m[36mSQL (0.1ms)[0m  [1mINSERT INTO "schema_migrations" ("version") VALUES ($1)[0m  [["version", "20160330175207"]]
  [1m[35m (2.3ms)[0m  COMMIT
Migrating to CreateMovies (20160331163825)
  [1m[36m (0.1ms)[0m  [1mBEGIN[0m
  [1m[35m (4.4ms)[0m  CREATE TABLE "movies" ("id" serial primary key, "name" character varying NOT NULL, "min_age" integer DEFAULT 0 NOT NULL, "genre" integer NOT NULL, "duration" integer NOT NULL, "movie_company_id" integer, "created_at" timestamp NOT NULL, "updated_at" timestamp NOT NULL) 
  [1m[36m (1.7ms)[0m  [1mCREATE  INDEX  "index_movies_on_movie_company_id" ON "movies"  ("movie_company_id")[0m
  [1m[35m (4.0ms)[0m  CREATE UNIQUE INDEX  "index_movies_on_name_and_movie_company" ON "movies"  ("name", "movie_company")
  [1m[36m (0.1ms)[0m  [1mROLLBACK[0m


Started GET "/" for 127.0.0.1 at 2016-04-10 19:28:34 +0400
  [1m[36mActiveRecord::SchemaMigration Load (0.2ms)[0m  [1mSELECT "schema_migrations".* FROM "schema_migrations"[0m

ActiveRecord::PendingMigrationError (

Migrations are pending. To resolve this issue, run:

	bin/rake db:migrate RAILS_ENV=development

):
  activerecord (4.2.6) lib/active_record/migration.rb:392:in `check_pending!'
  activerecord (4.2.6) lib/active_record/migration.rb:373:in `call'
  actionpack (4.2.6) lib/action_dispatch/middleware/callbacks.rb:29:in `block in call'
  activesupport (4.2.6) lib/active_support/callbacks.rb:88:in `__run_callbacks__'
  activesupport (4.2.6) lib/active_support/callbacks.rb:778:in `_run_call_callbacks'
  activesupport (4.2.6) lib/active_support/callbacks.rb:81:in `run_callbacks'
  actionpack (4.2.6) lib/action_dispatch/middleware/callbacks.rb:27:in `call'
  actionpack (4.2.6) lib/action_dispatch/middleware/reloader.rb:73:in `call'
  actionpack (4.2.6) lib/action_dispatch/middleware/remote_ip.rb:78:in `call'
  actionpack (4.2.6) lib/action_dispatch/middleware/debug_exceptions.rb:17:in `call'
  web-console (2.3.0) lib/web_console/middleware.rb:28:in `block in call'
  web-console (2.3.0) lib/web_console/middleware.rb:18:in `catch'
  web-console (2.3.0) lib/web_console/middleware.rb:18:in `call'
  actionpack (4.2.6) lib/action_dispatch/middleware/show_exceptions.rb:30:in `call'
  railties (4.2.6) lib/rails/rack/logger.rb:38:in `call_app'
  railties (4.2.6) lib/rails/rack/logger.rb:20:in `block in call'
  activesupport (4.2.6) lib/active_support/tagged_logging.rb:68:in `block in tagged'
  activesupport (4.2.6) lib/active_support/tagged_logging.rb:26:in `tagged'
  activesupport (4.2.6) lib/active_support/tagged_logging.rb:68:in `tagged'
  railties (4.2.6) lib/rails/rack/logger.rb:20:in `call'
  actionpack (4.2.6) lib/action_dispatch/middleware/request_id.rb:21:in `call'
  rack (1.6.4) lib/rack/methodoverride.rb:22:in `call'
  rack (1.6.4) lib/rack/runtime.rb:18:in `call'
  activesupport (4.2.6) lib/active_support/cache/strategy/local_cache_middleware.rb:28:in `call'
  rack (1.6.4) lib/rack/lock.rb:17:in `call'
  actionpack (4.2.6) lib/action_dispatch/middleware/static.rb:120:in `call'
  rack (1.6.4) lib/rack/sendfile.rb:113:in `call'
  railties (4.2.6) lib/rails/engine.rb:518:in `call'
  railties (4.2.6) lib/rails/application.rb:165:in `call'
  rack (1.6.4) lib/rack/lock.rb:17:in `call'
  rack (1.6.4) lib/rack/content_length.rb:15:in `call'
  rack (1.6.4) lib/rack/handler/webrick.rb:88:in `service'
  /opt/rubies/ruby-2.3.0/lib/ruby/2.3.0/webrick/httpserver.rb:140:in `service'
  /opt/rubies/ruby-2.3.0/lib/ruby/2.3.0/webrick/httpserver.rb:96:in `run'
  /opt/rubies/ruby-2.3.0/lib/ruby/2.3.0/webrick/server.rb:296:in `block in start_thread'


  Rendered /opt/rubies/ruby-2.3.0/lib/ruby/gems/2.3.0/gems/actionpack-4.2.6/lib/action_dispatch/middleware/templates/rescues/_source.erb (1.9ms)
  Rendered /opt/rubies/ruby-2.3.0/lib/ruby/gems/2.3.0/gems/actionpack-4.2.6/lib/action_dispatch/middleware/templates/rescues/_trace.html.erb (1.2ms)
  Rendered /opt/rubies/ruby-2.3.0/lib/ruby/gems/2.3.0/gems/actionpack-4.2.6/lib/action_dispatch/middleware/templates/rescues/_request_and_response.html.erb (0.8ms)
  Rendered /opt/rubies/ruby-2.3.0/lib/ruby/gems/2.3.0/gems/actionpack-4.2.6/lib/action_dispatch/middleware/templates/rescues/diagnostics.html.erb within rescues/layout (23.9ms)
  Rendered /home/student/.gem/ruby/2.3.0/gems/web-console-2.3.0/lib/web_console/templates/_markup.html.erb (0.3ms)
  Rendered /home/student/.gem/ruby/2.3.0/gems/web-console-2.3.0/lib/web_console/templates/_inner_console_markup.html.erb within layouts/inlined_string (0.3ms)
  Rendered /home/student/.gem/ruby/2.3.0/gems/web-console-2.3.0/lib/web_console/templates/_prompt_box_markup.html.erb within layouts/inlined_string (0.2ms)
  Rendered /home/student/.gem/ruby/2.3.0/gems/web-console-2.3.0/lib/web_console/templates/style.css.erb within layouts/inlined_string (0.3ms)
  Rendered /home/student/.gem/ruby/2.3.0/gems/web-console-2.3.0/lib/web_console/templates/console.js.erb within layouts/javascript (344.7ms)
  Rendered /home/student/.gem/ruby/2.3.0/gems/web-console-2.3.0/lib/web_console/templates/main.js.erb within layouts/javascript (0.3ms)
  Rendered /home/student/.gem/ruby/2.3.0/gems/web-console-2.3.0/lib/web_console/templates/error_page.js.erb within layouts/javascript (1.3ms)
  Rendered /home/student/.gem/ruby/2.3.0/gems/web-console-2.3.0/lib/web_console/templates/index.html.erb (368.1ms)


Started GET "/" for 127.0.0.1 at 2016-04-10 19:33:26 +0400
  [1m[36mActiveRecord::SchemaMigration Load (0.2ms)[0m  [1mSELECT "schema_migrations".* FROM "schema_migrations"[0m

ActiveRecord::PendingMigrationError (

Migrations are pending. To resolve this issue, run:

	bin/rake db:migrate RAILS_ENV=development

):
  activerecord (4.2.6) lib/active_record/migration.rb:392:in `check_pending!'
  activerecord (4.2.6) lib/active_record/migration.rb:373:in `call'
  actionpack (4.2.6) lib/action_dispatch/middleware/callbacks.rb:29:in `block in call'
  activesupport (4.2.6) lib/active_support/callbacks.rb:88:in `__run_callbacks__'
  activesupport (4.2.6) lib/active_support/callbacks.rb:778:in `_run_call_callbacks'
  activesupport (4.2.6) lib/active_support/callbacks.rb:81:in `run_callbacks'
  actionpack (4.2.6) lib/action_dispatch/middleware/callbacks.rb:27:in `call'
  actionpack (4.2.6) lib/action_dispatch/middleware/reloader.rb:73:in `call'
  actionpack (4.2.6) lib/action_dispatch/middleware/remote_ip.rb:78:in `call'
  actionpack (4.2.6) lib/action_dispatch/middleware/debug_exceptions.rb:17:in `call'
  web-console (2.3.0) lib/web_console/middleware.rb:28:in `block in call'
  web-console (2.3.0) lib/web_console/middleware.rb:18:in `catch'
  web-console (2.3.0) lib/web_console/middleware.rb:18:in `call'
  actionpack (4.2.6) lib/action_dispatch/middleware/show_exceptions.rb:30:in `call'
  railties (4.2.6) lib/rails/rack/logger.rb:38:in `call_app'
  railties (4.2.6) lib/rails/rack/logger.rb:20:in `block in call'
  activesupport (4.2.6) lib/active_support/tagged_logging.rb:68:in `block in tagged'
  activesupport (4.2.6) lib/active_support/tagged_logging.rb:26:in `tagged'
  activesupport (4.2.6) lib/active_support/tagged_logging.rb:68:in `tagged'
  railties (4.2.6) lib/rails/rack/logger.rb:20:in `call'
  actionpack (4.2.6) lib/action_dispatch/middleware/request_id.rb:21:in `call'
  rack (1.6.4) lib/rack/methodoverride.rb:22:in `call'
  rack (1.6.4) lib/rack/runtime.rb:18:in `call'
  activesupport (4.2.6) lib/active_support/cache/strategy/local_cache_middleware.rb:28:in `call'
  rack (1.6.4) lib/rack/lock.rb:17:in `call'
  actionpack (4.2.6) lib/action_dispatch/middleware/static.rb:120:in `call'
  rack (1.6.4) lib/rack/sendfile.rb:113:in `call'
  railties (4.2.6) lib/rails/engine.rb:518:in `call'
  railties (4.2.6) lib/rails/application.rb:165:in `call'
  rack (1.6.4) lib/rack/lock.rb:17:in `call'
  rack (1.6.4) lib/rack/content_length.rb:15:in `call'
  rack (1.6.4) lib/rack/handler/webrick.rb:88:in `service'
  /opt/rubies/ruby-2.3.0/lib/ruby/2.3.0/webrick/httpserver.rb:140:in `service'
  /opt/rubies/ruby-2.3.0/lib/ruby/2.3.0/webrick/httpserver.rb:96:in `run'
  /opt/rubies/ruby-2.3.0/lib/ruby/2.3.0/webrick/server.rb:296:in `block in start_thread'


  Rendered /opt/rubies/ruby-2.3.0/lib/ruby/gems/2.3.0/gems/actionpack-4.2.6/lib/action_dispatch/middleware/templates/rescues/_source.erb (2.4ms)
  Rendered /opt/rubies/ruby-2.3.0/lib/ruby/gems/2.3.0/gems/actionpack-4.2.6/lib/action_dispatch/middleware/templates/rescues/_trace.html.erb (1.1ms)
  Rendered /opt/rubies/ruby-2.3.0/lib/ruby/gems/2.3.0/gems/actionpack-4.2.6/lib/action_dispatch/middleware/templates/rescues/_request_and_response.html.erb (1.4ms)
  Rendered /opt/rubies/ruby-2.3.0/lib/ruby/gems/2.3.0/gems/actionpack-4.2.6/lib/action_dispatch/middleware/templates/rescues/diagnostics.html.erb within rescues/layout (26.1ms)
  Rendered /home/student/.gem/ruby/2.3.0/gems/web-console-2.3.0/lib/web_console/templates/_markup.html.erb (0.3ms)
  Rendered /home/student/.gem/ruby/2.3.0/gems/web-console-2.3.0/lib/web_console/templates/_inner_console_markup.html.erb within layouts/inlined_string (0.3ms)
  Rendered /home/student/.gem/ruby/2.3.0/gems/web-console-2.3.0/lib/web_console/templates/_prompt_box_markup.html.erb within layouts/inlined_string (0.5ms)
  Rendered /home/student/.gem/ruby/2.3.0/gems/web-console-2.3.0/lib/web_console/templates/style.css.erb within layouts/inlined_string (0.3ms)
  Rendered /home/student/.gem/ruby/2.3.0/gems/web-console-2.3.0/lib/web_console/templates/console.js.erb within layouts/javascript (328.7ms)
  Rendered /home/student/.gem/ruby/2.3.0/gems/web-console-2.3.0/lib/web_console/templates/main.js.erb within layouts/javascript (0.2ms)
  Rendered /home/student/.gem/ruby/2.3.0/gems/web-console-2.3.0/lib/web_console/templates/error_page.js.erb within layouts/javascript (2.1ms)
  Rendered /home/student/.gem/ruby/2.3.0/gems/web-console-2.3.0/lib/web_console/templates/index.html.erb (353.2ms)
  [1m[36mActiveRecord::SchemaMigration Load (0.5ms)[0m  [1mSELECT "schema_migrations".* FROM "schema_migrations"[0m
Migrating to CreateMovies (20160331163825)
  [1m[35m (0.1ms)[0m  BEGIN
  [1m[36m (27.3ms)[0m  [1mCREATE TABLE "movies" ("id" serial primary key, "name" character varying NOT NULL, "min_age" integer DEFAULT 0 NOT NULL, "genre" integer NOT NULL, "duration" integer NOT NULL, "movie_company_id" integer, "created_at" timestamp NOT NULL, "updated_at" timestamp NOT NULL) [0m
  [1m[35m (1.3ms)[0m  CREATE  INDEX  "index_movies_on_movie_company_id" ON "movies"  ("movie_company_id")
  [1m[36m (25.0ms)[0m  [1mCREATE UNIQUE INDEX  "index_movies_on_name_and_movie_company" ON "movies"  ("name", "movie_company")[0m
  [1m[35m (0.1ms)[0m  ROLLBACK
  [1m[36mActiveRecord::SchemaMigration Load (0.5ms)[0m  [1mSELECT "schema_migrations".* FROM "schema_migrations"[0m
Migrating to CreateMovies (20160331163825)
  [1m[35m (0.0ms)[0m  BEGIN
  [1m[36m (6.2ms)[0m  [1mCREATE TABLE "movies" ("id" serial primary key, "name" character varying NOT NULL, "min_age" integer DEFAULT 0 NOT NULL, "genre" integer NOT NULL, "duration" integer NOT NULL, "movie_company_id" integer, "created_at" timestamp NOT NULL, "updated_at" timestamp NOT NULL) [0m
  [1m[35m (1.9ms)[0m  CREATE  INDEX  "index_movies_on_movie_company_id" ON "movies"  ("movie_company_id")
  [1m[36m (1.7ms)[0m  [1mCREATE UNIQUE INDEX  "index_movies_on_name_and_movie_company_id" ON "movies"  ("name", "movie_company_id")[0m
  [1m[35m (132.9ms)[0m  ALTER TABLE "movies" ADD CONSTRAINT "fk_rails_a2dbb04f8f"
FOREIGN KEY ("movie_company_id")
  REFERENCES "movie_companies" ("id")

  [1m[36mSQL (0.1ms)[0m  [1mINSERT INTO "schema_migrations" ("version") VALUES ($1)[0m  [["version", "20160331163825"]]
  [1m[35m (4.5ms)[0m  COMMIT
Migrating to CreatePeople (20160331164401)
  [1m[36m (0.1ms)[0m  [1mBEGIN[0m
  [1m[35m (11.1ms)[0m  CREATE TABLE "people" ("id" serial primary key, "last_name" character varying NOT NULL, "first_name" character varying NOT NULL, "second_name" character varying, "birthday" date NOT NULL, "created_at" timestamp NOT NULL, "updated_at" timestamp NOT NULL) 
  [1m[36m (2.8ms)[0m  [1mCREATE UNIQUE INDEX  "index_people_on_last_name_and_first_name" ON "people"  ("last_name", "first_name")[0m
  [1m[35mSQL (0.1ms)[0m  INSERT INTO "schema_migrations" ("version") VALUES ($1)  [["version", "20160331164401"]]
  [1m[36m (1.3ms)[0m  [1mCOMMIT[0m
Migrating to CreateMoviePeople (20160331164807)
  [1m[35m (0.9ms)[0m  BEGIN
  [1m[36m (9.4ms)[0m  [1mCREATE TABLE "movie_people" ("id" serial primary key, "role" character varying NOT NULL, "movie_id" integer, "person_id" integer, "created_at" timestamp NOT NULL, "updated_at" timestamp NOT NULL) [0m
  [1m[35m (1.7ms)[0m  CREATE  INDEX  "index_movie_people_on_movie_id" ON "movie_people"  ("movie_id")
  [1m[36m (1.9ms)[0m  [1mCREATE  INDEX  "index_movie_people_on_person_id" ON "movie_people"  ("person_id")[0m
  [1m[35m (1.9ms)[0m  CREATE UNIQUE INDEX  "index_movie_people_on_movie_id_and_person_id_and_role" ON "movie_people"  ("movie_id", "person_id", "role")
  [1m[36m (1.1ms)[0m  [1mALTER TABLE "movie_people" ADD CONSTRAINT "fk_rails_b086f46c2d"
FOREIGN KEY ("movie_id")
  REFERENCES "movies" ("id")
[0m
  [1m[35m (1.2ms)[0m  ALTER TABLE "movie_people" ADD CONSTRAINT "fk_rails_9012be4f4f"
FOREIGN KEY ("person_id")
  REFERENCES "people" ("id")

  [1m[36mSQL (0.1ms)[0m  [1mINSERT INTO "schema_migrations" ("version") VALUES ($1)[0m  [["version", "20160331164807"]]
  [1m[35m (1.6ms)[0m  COMMIT
Migrating to CreateJoinTableMovieCountry (20160331172356)
  [1m[36m (0.2ms)[0m  [1mBEGIN[0m
  [1m[35m (0.5ms)[0m  CREATE TABLE "countries_movies" ("movie_id" integer NOT NULL, "country_id" integer NOT NULL) 
  [1m[36m (2.9ms)[0m  [1mCREATE UNIQUE INDEX  "index_countries_movies_on_movie_id_and_country_id" ON "countries_movies"  ("movie_id", "country_id")[0m
  [1m[35mSQL (0.6ms)[0m  INSERT INTO "schema_migrations" ("version") VALUES ($1)  [["version", "20160331172356"]]
  [1m[36m (0.8ms)[0m  [1mCOMMIT[0m
Migrating to CreateZones (20160405161822)
  [1m[35m (0.1ms)[0m  BEGIN
  [1m[36m (7.6ms)[0m  [1mCREATE TABLE "zones" ("id" serial primary key, "name" character varying NOT NULL, "created_at" timestamp NOT NULL, "updated_at" timestamp NOT NULL) [0m
  [1m[35m (2.3ms)[0m  CREATE UNIQUE INDEX  "index_zones_on_name" ON "zones"  ("name")
  [1m[36mSQL (0.3ms)[0m  [1mINSERT INTO "schema_migrations" ("version") VALUES ($1)[0m  [["version", "20160405161822"]]
  [1m[35m (0.7ms)[0m  COMMIT
Migrating to CreateCinemaTimetables (20160405162527)
  [1m[36m (0.1ms)[0m  [1mBEGIN[0m
  [1m[35m (5.0ms)[0m  CREATE TABLE "cinema_timetables" ("id" serial primary key, "cinema_id" integer, "movie_id" integer, "hall" character varying NOT NULL, "start" timestamp NOT NULL, "created_at" timestamp NOT NULL, "updated_at" timestamp NOT NULL) 
  [1m[36m (4.3ms)[0m  [1mCREATE  INDEX  "index_cinema_timetables_on_cinema_id" ON "cinema_timetables"  ("cinema_id")[0m
  [1m[35m (2.2ms)[0m  CREATE  INDEX  "index_cinema_timetables_on_movie_id" ON "cinema_timetables"  ("movie_id")
  [1m[36m (0.8ms)[0m  [1mCREATE UNIQUE INDEX  "index_cinema_timetables_on_cinema_and_hall_and_start" ON "cinema_timetables"  ("cinema", "hall", "start")[0m
  [1m[35m (0.2ms)[0m  ROLLBACK
  [1m[36mActiveRecord::SchemaMigration Load (0.2ms)[0m  [1mSELECT "schema_migrations".* FROM "schema_migrations"[0m
Migrating to CreateCinemaTimetables (20160405162527)
  [1m[35m (0.1ms)[0m  BEGIN
  [1m[36m (64.3ms)[0m  [1mCREATE TABLE "cinema_timetables" ("id" serial primary key, "cinema_id" integer, "movie_id" integer, "hall" character varying NOT NULL, "start" timestamp NOT NULL, "created_at" timestamp NOT NULL, "updated_at" timestamp NOT NULL) [0m
  [1m[35m (2.7ms)[0m  CREATE  INDEX  "index_cinema_timetables_on_cinema_id" ON "cinema_timetables"  ("cinema_id")
  [1m[36m (1.8ms)[0m  [1mCREATE  INDEX  "index_cinema_timetables_on_movie_id" ON "cinema_timetables"  ("movie_id")[0m
  [1m[35m (2.5ms)[0m  CREATE UNIQUE INDEX  "index_cinema_timetables_on_cinema_id_and_hall_and_start" ON "cinema_timetables"  ("cinema_id", "hall", "start")
  [1m[36m (0.7ms)[0m  [1mALTER TABLE "cinema_timetables" ADD CONSTRAINT "fk_rails_27a50457b6"
FOREIGN KEY ("cinema_id")
  REFERENCES "cinemas" ("id")
[0m
  [1m[35m (0.7ms)[0m  ALTER TABLE "cinema_timetables" ADD CONSTRAINT "fk_rails_ee58c8dfa0"
FOREIGN KEY ("movie_id")
  REFERENCES "movies" ("id")

  [1m[36mSQL (0.2ms)[0m  [1mINSERT INTO "schema_migrations" ("version") VALUES ($1)[0m  [["version", "20160405162527"]]
  [1m[35m (3.3ms)[0m  COMMIT
Migrating to CreatePrices (20160405163156)
  [1m[36m (0.5ms)[0m  [1mBEGIN[0m
  [1m[35m (7.3ms)[0m  CREATE TABLE "prices" ("id" serial primary key, "cost" integer NOT NULL, "cinema_timetable_id" integer, "zone_id" integer, "created_at" timestamp NOT NULL, "updated_at" timestamp NOT NULL) 
  [1m[36m (2.0ms)[0m  [1mCREATE  INDEX  "index_prices_on_cinema_timetable_id" ON "prices"  ("cinema_timetable_id")[0m
  [1m[35m (2.5ms)[0m  CREATE  INDEX  "index_prices_on_zone_id" ON "prices"  ("zone_id")
  [1m[36m (16.9ms)[0m  [1mCREATE UNIQUE INDEX  "index_prices_on_cinema_timetable_id_and_zone_id" ON "prices"  ("cinema_timetable_id", "zone_id")[0m
  [1m[35m (0.8ms)[0m  ALTER TABLE "prices" ADD CONSTRAINT "fk_rails_ae440153c3"
FOREIGN KEY ("cinema_timetable_id")
  REFERENCES "cinema_timetables" ("id")

  [1m[36m (0.6ms)[0m  [1mALTER TABLE "prices" ADD CONSTRAINT "fk_rails_78c376257f"
FOREIGN KEY ("zone_id")
  REFERENCES "zones" ("id")
[0m
  [1m[35mSQL (0.2ms)[0m  INSERT INTO "schema_migrations" ("version") VALUES ($1)  [["version", "20160405163156"]]
  [1m[36m (2.6ms)[0m  [1mCOMMIT[0m
  [1m[35mActiveRecord::SchemaMigration Load (0.1ms)[0m  SELECT "schema_migrations".* FROM "schema_migrations"
  [1m[36m (2.4ms)[0m  [1mSELECT t2.oid::regclass::text AS to_table, a1.attname AS column, a2.attname AS primary_key, c.conname AS name, c.confupdtype AS on_update, c.confdeltype AS on_delete
FROM pg_constraint c
JOIN pg_class t1 ON c.conrelid = t1.oid
JOIN pg_class t2 ON c.confrelid = t2.oid
JOIN pg_attribute a1 ON a1.attnum = c.conkey[1] AND a1.attrelid = t1.oid
JOIN pg_attribute a2 ON a2.attnum = c.confkey[1] AND a2.attrelid = t2.oid
JOIN pg_namespace t3 ON c.connamespace = t3.oid
WHERE c.contype = 'f'
  AND t1.relname = 'cinema_timetables'
  AND t3.nspname = ANY (current_schemas(false))
ORDER BY c.conname
[0m
  [1m[35m (2.1ms)[0m  SELECT t2.oid::regclass::text AS to_table, a1.attname AS column, a2.attname AS primary_key, c.conname AS name, c.confupdtype AS on_update, c.confdeltype AS on_delete
FROM pg_constraint c
JOIN pg_class t1 ON c.conrelid = t1.oid
JOIN pg_class t2 ON c.confrelid = t2.oid
JOIN pg_attribute a1 ON a1.attnum = c.conkey[1] AND a1.attrelid = t1.oid
JOIN pg_attribute a2 ON a2.attnum = c.confkey[1] AND a2.attrelid = t2.oid
JOIN pg_namespace t3 ON c.connamespace = t3.oid
WHERE c.contype = 'f'
  AND t1.relname = 'cinemas'
  AND t3.nspname = ANY (current_schemas(false))
ORDER BY c.conname

  [1m[36m (1.6ms)[0m  [1mSELECT t2.oid::regclass::text AS to_table, a1.attname AS column, a2.attname AS primary_key, c.conname AS name, c.confupdtype AS on_update, c.confdeltype AS on_delete
FROM pg_constraint c
JOIN pg_class t1 ON c.conrelid = t1.oid
JOIN pg_class t2 ON c.confrelid = t2.oid
JOIN pg_attribute a1 ON a1.attnum = c.conkey[1] AND a1.attrelid = t1.oid
JOIN pg_attribute a2 ON a2.attnum = c.confkey[1] AND a2.attrelid = t2.oid
JOIN pg_namespace t3 ON c.connamespace = t3.oid
WHERE c.contype = 'f'
  AND t1.relname = 'countries'
  AND t3.nspname = ANY (current_schemas(false))
ORDER BY c.conname
[0m
  [1m[35m (1.3ms)[0m  SELECT t2.oid::regclass::text AS to_table, a1.attname AS column, a2.attname AS primary_key, c.conname AS name, c.confupdtype AS on_update, c.confdeltype AS on_delete
FROM pg_constraint c
JOIN pg_class t1 ON c.conrelid = t1.oid
JOIN pg_class t2 ON c.confrelid = t2.oid
JOIN pg_attribute a1 ON a1.attnum = c.conkey[1] AND a1.attrelid = t1.oid
JOIN pg_attribute a2 ON a2.attnum = c.confkey[1] AND a2.attrelid = t2.oid
JOIN pg_namespace t3 ON c.connamespace = t3.oid
WHERE c.contype = 'f'
  AND t1.relname = 'countries_movies'
  AND t3.nspname = ANY (current_schemas(false))
ORDER BY c.conname

  [1m[36m (1.8ms)[0m  [1mSELECT t2.oid::regclass::text AS to_table, a1.attname AS column, a2.attname AS primary_key, c.conname AS name, c.confupdtype AS on_update, c.confdeltype AS on_delete
FROM pg_constraint c
JOIN pg_class t1 ON c.conrelid = t1.oid
JOIN pg_class t2 ON c.confrelid = t2.oid
JOIN pg_attribute a1 ON a1.attnum = c.conkey[1] AND a1.attrelid = t1.oid
JOIN pg_attribute a2 ON a2.attnum = c.confkey[1] AND a2.attrelid = t2.oid
JOIN pg_namespace t3 ON c.connamespace = t3.oid
WHERE c.contype = 'f'
  AND t1.relname = 'movie_companies'
  AND t3.nspname = ANY (current_schemas(false))
ORDER BY c.conname
[0m
  [1m[35m (1.8ms)[0m  SELECT t2.oid::regclass::text AS to_table, a1.attname AS column, a2.attname AS primary_key, c.conname AS name, c.confupdtype AS on_update, c.confdeltype AS on_delete
FROM pg_constraint c
JOIN pg_class t1 ON c.conrelid = t1.oid
JOIN pg_class t2 ON c.confrelid = t2.oid
JOIN pg_attribute a1 ON a1.attnum = c.conkey[1] AND a1.attrelid = t1.oid
JOIN pg_attribute a2 ON a2.attnum = c.confkey[1] AND a2.attrelid = t2.oid
JOIN pg_namespace t3 ON c.connamespace = t3.oid
WHERE c.contype = 'f'
  AND t1.relname = 'movie_people'
  AND t3.nspname = ANY (current_schemas(false))
ORDER BY c.conname

  [1m[36m (1.7ms)[0m  [1mSELECT t2.oid::regclass::text AS to_table, a1.attname AS column, a2.attname AS primary_key, c.conname AS name, c.confupdtype AS on_update, c.confdeltype AS on_delete
FROM pg_constraint c
JOIN pg_class t1 ON c.conrelid = t1.oid
JOIN pg_class t2 ON c.confrelid = t2.oid
JOIN pg_attribute a1 ON a1.attnum = c.conkey[1] AND a1.attrelid = t1.oid
JOIN pg_attribute a2 ON a2.attnum = c.confkey[1] AND a2.attrelid = t2.oid
JOIN pg_namespace t3 ON c.connamespace = t3.oid
WHERE c.contype = 'f'
  AND t1.relname = 'movies'
  AND t3.nspname = ANY (current_schemas(false))
ORDER BY c.conname
[0m
  [1m[35m (1.6ms)[0m  SELECT t2.oid::regclass::text AS to_table, a1.attname AS column, a2.attname AS primary_key, c.conname AS name, c.confupdtype AS on_update, c.confdeltype AS on_delete
FROM pg_constraint c
JOIN pg_class t1 ON c.conrelid = t1.oid
JOIN pg_class t2 ON c.confrelid = t2.oid
JOIN pg_attribute a1 ON a1.attnum = c.conkey[1] AND a1.attrelid = t1.oid
JOIN pg_attribute a2 ON a2.attnum = c.confkey[1] AND a2.attrelid = t2.oid
JOIN pg_namespace t3 ON c.connamespace = t3.oid
WHERE c.contype = 'f'
  AND t1.relname = 'people'
  AND t3.nspname = ANY (current_schemas(false))
ORDER BY c.conname

  [1m[36m (1.7ms)[0m  [1mSELECT t2.oid::regclass::text AS to_table, a1.attname AS column, a2.attname AS primary_key, c.conname AS name, c.confupdtype AS on_update, c.confdeltype AS on_delete
FROM pg_constraint c
JOIN pg_class t1 ON c.conrelid = t1.oid
JOIN pg_class t2 ON c.confrelid = t2.oid
JOIN pg_attribute a1 ON a1.attnum = c.conkey[1] AND a1.attrelid = t1.oid
JOIN pg_attribute a2 ON a2.attnum = c.confkey[1] AND a2.attrelid = t2.oid
JOIN pg_namespace t3 ON c.connamespace = t3.oid
WHERE c.contype = 'f'
  AND t1.relname = 'prices'
  AND t3.nspname = ANY (current_schemas(false))
ORDER BY c.conname
[0m
  [1m[35m (1.7ms)[0m  SELECT t2.oid::regclass::text AS to_table, a1.attname AS column, a2.attname AS primary_key, c.conname AS name, c.confupdtype AS on_update, c.confdeltype AS on_delete
FROM pg_constraint c
JOIN pg_class t1 ON c.conrelid = t1.oid
JOIN pg_class t2 ON c.confrelid = t2.oid
JOIN pg_attribute a1 ON a1.attnum = c.conkey[1] AND a1.attrelid = t1.oid
JOIN pg_attribute a2 ON a2.attnum = c.confkey[1] AND a2.attrelid = t2.oid
JOIN pg_namespace t3 ON c.connamespace = t3.oid
WHERE c.contype = 'f'
  AND t1.relname = 'zones'
  AND t3.nspname = ANY (current_schemas(false))
ORDER BY c.conname



Started GET "/" for 127.0.0.1 at 2016-04-10 20:00:34 +0400
  [1m[36mActiveRecord::SchemaMigration Load (0.2ms)[0m  [1mSELECT "schema_migrations".* FROM "schema_migrations"[0m
Processing by Rails::WelcomeController#index as HTML
  Rendered /opt/rubies/ruby-2.3.0/lib/ruby/gems/2.3.0/gems/railties-4.2.6/lib/rails/templates/rails/welcome/index.html.erb (1.2ms)
Completed 200 OK in 53ms (Views: 20.4ms | ActiveRecord: 0.0ms)


Started GET "/people/" for 127.0.0.1 at 2016-04-10 20:00:40 +0400
Processing by PeopleController#index as HTML
  [1m[35mPerson Load (0.6ms)[0m  SELECT "people".* FROM "people"
  Rendered people/index.html.haml within layouts/application (4.8ms)
Completed 200 OK in 1037ms (Views: 1024.7ms | ActiveRecord: 1.1ms)


Started GET "/assets/cinema_timetables.self-e3b0c44298fc1c149afbf4c8996fb92427ae41e4649b934ca495991b7852b855.css?body=1" for 127.0.0.1 at 2016-04-10 20:00:41 +0400


Started GET "/assets/countries.self-e3b0c44298fc1c149afbf4c8996fb92427ae41e4649b934ca495991b7852b855.css?body=1" for 127.0.0.1 at 2016-04-10 20:00:41 +0400


Started GET "/assets/movies.self-e3b0c44298fc1c149afbf4c8996fb92427ae41e4649b934ca495991b7852b855.css?body=1" for 127.0.0.1 at 2016-04-10 20:00:41 +0400


Started GET "/assets/movie_companies.self-e3b0c44298fc1c149afbf4c8996fb92427ae41e4649b934ca495991b7852b855.css?body=1" for 127.0.0.1 at 2016-04-10 20:00:41 +0400


Started GET "/assets/movie_people.self-e3b0c44298fc1c149afbf4c8996fb92427ae41e4649b934ca495991b7852b855.css?body=1" for 127.0.0.1 at 2016-04-10 20:00:41 +0400


Started GET "/assets/cinemas.self-e3b0c44298fc1c149afbf4c8996fb92427ae41e4649b934ca495991b7852b855.css?body=1" for 127.0.0.1 at 2016-04-10 20:00:41 +0400


Started GET "/assets/prices.self-e3b0c44298fc1c149afbf4c8996fb92427ae41e4649b934ca495991b7852b855.css?body=1" for 127.0.0.1 at 2016-04-10 20:00:41 +0400


Started GET "/assets/scaffolds.self-88b56f07ee663aa18eac13522f66c6d7f1daaed8b95ffaea9f73d7028a34e1a2.css?body=1" for 127.0.0.1 at 2016-04-10 20:00:41 +0400


Started GET "/assets/zones.self-e3b0c44298fc1c149afbf4c8996fb92427ae41e4649b934ca495991b7852b855.css?body=1" for 127.0.0.1 at 2016-04-10 20:00:41 +0400


Started GET "/assets/cinema_timetables.self-877aef30ae1b040ab8a3aba4e3e309a11d7f2612f44dde450b5c157aa5f95c05.js?body=1" for 127.0.0.1 at 2016-04-10 20:00:41 +0400


Started GET "/assets/cinemas.self-877aef30ae1b040ab8a3aba4e3e309a11d7f2612f44dde450b5c157aa5f95c05.js?body=1" for 127.0.0.1 at 2016-04-10 20:00:41 +0400


Started GET "/assets/countries.self-877aef30ae1b040ab8a3aba4e3e309a11d7f2612f44dde450b5c157aa5f95c05.js?body=1" for 127.0.0.1 at 2016-04-10 20:00:41 +0400


Started GET "/assets/movie_companies.self-877aef30ae1b040ab8a3aba4e3e309a11d7f2612f44dde450b5c157aa5f95c05.js?body=1" for 127.0.0.1 at 2016-04-10 20:00:41 +0400


Started GET "/assets/movie_people.self-877aef30ae1b040ab8a3aba4e3e309a11d7f2612f44dde450b5c157aa5f95c05.js?body=1" for 127.0.0.1 at 2016-04-10 20:00:41 +0400


Started GET "/assets/movies.self-877aef30ae1b040ab8a3aba4e3e309a11d7f2612f44dde450b5c157aa5f95c05.js?body=1" for 127.0.0.1 at 2016-04-10 20:00:41 +0400


Started GET "/assets/prices.self-877aef30ae1b040ab8a3aba4e3e309a11d7f2612f44dde450b5c157aa5f95c05.js?body=1" for 127.0.0.1 at 2016-04-10 20:00:41 +0400


Started GET "/assets/zones.self-877aef30ae1b040ab8a3aba4e3e309a11d7f2612f44dde450b5c157aa5f95c05.js?body=1" for 127.0.0.1 at 2016-04-10 20:00:41 +0400


Started GET "/people/new" for 127.0.0.1 at 2016-04-10 20:01:20 +0400
Processing by PeopleController#new as HTML
  Rendered people/_form.html.haml (316.9ms)
  Rendered people/new.html.haml within layouts/application (321.2ms)
Completed 200 OK in 364ms (Views: 355.3ms | ActiveRecord: 2.0ms)


Started GET "/people/new" for 127.0.0.1 at 2016-04-10 20:01:24 +0400
Processing by PeopleController#new as HTML
  Rendered people/_form.html.haml (2.7ms)
  Rendered people/new.html.haml within layouts/application (3.9ms)
Completed 200 OK in 29ms (Views: 28.7ms | ActiveRecord: 0.0ms)


Started GET "/people/new" for 127.0.0.1 at 2016-04-10 20:01:25 +0400
Processing by PeopleController#new as HTML
  Rendered people/_form.html.haml (5.0ms)
  Rendered people/new.html.haml within layouts/application (6.6ms)
Completed 200 OK in 64ms (Views: 60.2ms | ActiveRecord: 0.0ms)


Started GET "/movies/" for 127.0.0.1 at 2016-04-10 20:01:49 +0400
Processing by MoviesController#index as HTML
  [1m[36mMovie Load (0.6ms)[0m  [1mSELECT "movies".* FROM "movies"[0m
  Rendered movies/index.html.haml within layouts/application (3.7ms)
Completed 200 OK in 95ms (Views: 54.5ms | ActiveRecord: 1.1ms)


Started GET "/movies/new" for 127.0.0.1 at 2016-04-10 20:01:51 +0400
Processing by MoviesController#new as HTML
  Rendered movies/_form.html.haml (41.9ms)
  Rendered movies/new.html.haml within layouts/application (44.5ms)
Completed 200 OK in 103ms (Views: 97.5ms | ActiveRecord: 0.4ms)


Started GET "/movies/new" for 127.0.0.1 at 2016-04-10 20:01:53 +0400
Processing by MoviesController#new as HTML
  Rendered movies/_form.html.haml (4.3ms)
  Rendered movies/new.html.haml within layouts/application (6.2ms)
Completed 200 OK in 87ms (Views: 86.6ms | ActiveRecord: 0.0ms)
